Analysis & Synthesis report for top
Mon Sep 23 15:58:06 2024
Quartus Prime Version 21.1.1 Build 850 06/23/2022 SJ Lite Edition


---------------------
; Table of Contents ;
---------------------
  1. Legal Notice
  2. Analysis & Synthesis Summary
  3. Analysis & Synthesis Settings
  4. Parallel Compilation
  5. Analysis & Synthesis Source Files Read
  6. Analysis & Synthesis Resource Usage Summary
  7. Analysis & Synthesis Resource Utilization by Entity
  8. Registers Removed During Synthesis
  9. Removed Registers Triggering Further Register Optimizations
 10. General Register Statistics
 11. Inverted Register Statistics
 12. Multiplexer Restructuring Statistics (Restructuring Performed)
 13. Port Connectivity Checks: "io_seg:io_seg"
 14. Port Connectivity Checks: "io_psw:io_psw"
 15. Post-Synthesis Netlist Statistics for Top Partition
 16. Elapsed Time Per Partition
 17. Analysis & Synthesis Messages



----------------
; Legal Notice ;
----------------
Copyright (C) 2022  Intel Corporation. All rights reserved.
Your use of Intel Corporation's design tools, logic functions 
and other software and tools, and any partner logic 
functions, and any output files from any of the foregoing 
(including device programming or simulation files), and any 
associated documentation or information are expressly subject 
to the terms and conditions of the Intel Program License 
Subscription Agreement, the Intel Quartus Prime License Agreement,
the Intel FPGA IP License Agreement, or other applicable license
agreement, including, without limitation, that your use is for
the sole purpose of programming logic devices manufactured by
Intel and sold by Intel or its authorized distributors.  Please
refer to the applicable agreement for further details, at
https://fpgasoftware.intel.com/eula.



+----------------------------------------------------------------------------------+
; Analysis & Synthesis Summary                                                     ;
+------------------------------------+---------------------------------------------+
; Analysis & Synthesis Status        ; Successful - Mon Sep 23 15:58:06 2024       ;
; Quartus Prime Version              ; 21.1.1 Build 850 06/23/2022 SJ Lite Edition ;
; Revision Name                      ; top                                         ;
; Top-level Entity Name              ; top                                         ;
; Family                             ; Cyclone IV E                                ;
; Total logic elements               ; 138                                         ;
;     Total combinational functions  ; 137                                         ;
;     Dedicated logic registers      ; 89                                          ;
; Total registers                    ; 89                                          ;
; Total pins                         ; 80                                          ;
; Total virtual pins                 ; 0                                           ;
; Total memory bits                  ; 0                                           ;
; Embedded Multiplier 9-bit elements ; 0                                           ;
; Total PLLs                         ; 0                                           ;
+------------------------------------+---------------------------------------------+


+------------------------------------------------------------------------------------------------------------+
; Analysis & Synthesis Settings                                                                              ;
+------------------------------------------------------------------+--------------------+--------------------+
; Option                                                           ; Setting            ; Default Value      ;
+------------------------------------------------------------------+--------------------+--------------------+
; Device                                                           ; EP4CE30F23I7       ;                    ;
; Top-level entity name                                            ; top                ; top                ;
; Family name                                                      ; Cyclone IV E       ; Cyclone V          ;
; Use smart compilation                                            ; Off                ; Off                ;
; Enable parallel Assembler and Timing Analyzer during compilation ; On                 ; On                 ;
; Enable compact report table                                      ; Off                ; Off                ;
; Restructure Multiplexers                                         ; Auto               ; Auto               ;
; Create Debugging Nodes for IP Cores                              ; Off                ; Off                ;
; Preserve fewer node names                                        ; On                 ; On                 ;
; Intel FPGA IP Evaluation Mode                                    ; Enable             ; Enable             ;
; Verilog Version                                                  ; Verilog_2001       ; Verilog_2001       ;
; VHDL Version                                                     ; VHDL_1993          ; VHDL_1993          ;
; State Machine Processing                                         ; Auto               ; Auto               ;
; Safe State Machine                                               ; Off                ; Off                ;
; Extract Verilog State Machines                                   ; On                 ; On                 ;
; Extract VHDL State Machines                                      ; On                 ; On                 ;
; Ignore Verilog initial constructs                                ; Off                ; Off                ;
; Iteration limit for constant Verilog loops                       ; 5000               ; 5000               ;
; Iteration limit for non-constant Verilog loops                   ; 250                ; 250                ;
; Add Pass-Through Logic to Inferred RAMs                          ; On                 ; On                 ;
; Infer RAMs from Raw Logic                                        ; On                 ; On                 ;
; Parallel Synthesis                                               ; On                 ; On                 ;
; DSP Block Balancing                                              ; Auto               ; Auto               ;
; NOT Gate Push-Back                                               ; On                 ; On                 ;
; Power-Up Don't Care                                              ; On                 ; On                 ;
; Remove Redundant Logic Cells                                     ; Off                ; Off                ;
; Remove Duplicate Registers                                       ; On                 ; On                 ;
; Ignore CARRY Buffers                                             ; Off                ; Off                ;
; Ignore CASCADE Buffers                                           ; Off                ; Off                ;
; Ignore GLOBAL Buffers                                            ; Off                ; Off                ;
; Ignore ROW GLOBAL Buffers                                        ; Off                ; Off                ;
; Ignore LCELL Buffers                                             ; Off                ; Off                ;
; Ignore SOFT Buffers                                              ; On                 ; On                 ;
; Limit AHDL Integers to 32 Bits                                   ; Off                ; Off                ;
; Optimization Technique                                           ; Balanced           ; Balanced           ;
; Carry Chain Length                                               ; 70                 ; 70                 ;
; Auto Carry Chains                                                ; On                 ; On                 ;
; Auto Open-Drain Pins                                             ; On                 ; On                 ;
; Perform WYSIWYG Primitive Resynthesis                            ; Off                ; Off                ;
; Auto ROM Replacement                                             ; On                 ; On                 ;
; Auto RAM Replacement                                             ; On                 ; On                 ;
; Auto DSP Block Replacement                                       ; On                 ; On                 ;
; Auto Shift Register Replacement                                  ; Auto               ; Auto               ;
; Allow Shift Register Merging across Hierarchies                  ; Auto               ; Auto               ;
; Auto Clock Enable Replacement                                    ; On                 ; On                 ;
; Strict RAM Replacement                                           ; Off                ; Off                ;
; Allow Synchronous Control Signals                                ; On                 ; On                 ;
; Force Use of Synchronous Clear Signals                           ; Off                ; Off                ;
; Auto RAM Block Balancing                                         ; On                 ; On                 ;
; Auto RAM to Logic Cell Conversion                                ; Off                ; Off                ;
; Auto Resource Sharing                                            ; Off                ; Off                ;
; Allow Any RAM Size For Recognition                               ; Off                ; Off                ;
; Allow Any ROM Size For Recognition                               ; Off                ; Off                ;
; Allow Any Shift Register Size For Recognition                    ; Off                ; Off                ;
; Use LogicLock Constraints during Resource Balancing              ; On                 ; On                 ;
; Ignore translate_off and synthesis_off directives                ; Off                ; Off                ;
; Timing-Driven Synthesis                                          ; On                 ; On                 ;
; Report Parameter Settings                                        ; On                 ; On                 ;
; Report Source Assignments                                        ; On                 ; On                 ;
; Report Connectivity Checks                                       ; On                 ; On                 ;
; Ignore Maximum Fan-Out Assignments                               ; Off                ; Off                ;
; Synchronization Register Chain Length                            ; 2                  ; 2                  ;
; Power Optimization During Synthesis                              ; Normal compilation ; Normal compilation ;
; HDL message level                                                ; Level2             ; Level2             ;
; Suppress Register Optimization Related Messages                  ; Off                ; Off                ;
; Number of Removed Registers Reported in Synthesis Report         ; 5000               ; 5000               ;
; Number of Swept Nodes Reported in Synthesis Report               ; 5000               ; 5000               ;
; Number of Inverted Registers Reported in Synthesis Report        ; 100                ; 100                ;
; Clock MUX Protection                                             ; On                 ; On                 ;
; Auto Gated Clock Conversion                                      ; Off                ; Off                ;
; Block Design Naming                                              ; Auto               ; Auto               ;
; SDC constraint protection                                        ; Off                ; Off                ;
; Synthesis Effort                                                 ; Auto               ; Auto               ;
; Shift Register Replacement - Allow Asynchronous Clear Signal     ; On                 ; On                 ;
; Pre-Mapping Resynthesis Optimization                             ; Off                ; Off                ;
; Analysis & Synthesis Message Level                               ; Medium             ; Medium             ;
; Disable Register Merging Across Hierarchies                      ; Auto               ; Auto               ;
; Resource Aware Inference For Block RAM                           ; On                 ; On                 ;
+------------------------------------------------------------------+--------------------+--------------------+


+------------------------------------------+
; Parallel Compilation                     ;
+----------------------------+-------------+
; Processors                 ; Number      ;
+----------------------------+-------------+
; Number detected on machine ; 4           ;
; Maximum allowed            ; 2           ;
;                            ;             ;
; Average used               ; 1.00        ;
; Maximum used               ; 2           ;
;                            ;             ;
; Usage by Processor         ; % Time Used ;
;     Processor 1            ; 100.0%      ;
;     Processor 2            ;   0.0%      ;
+----------------------------+-------------+


+----------------------------------------------------------------------------------------------------------------------------+
; Analysis & Synthesis Source Files Read                                                                                     ;
+----------------------------------+-----------------+------------------------+------------------------------------+---------+
; File Name with User-Entered Path ; Used in Netlist ; File Type              ; File Name with Absolute Path       ; Library ;
+----------------------------------+-----------------+------------------------+------------------------------------+---------+
; ../usr_dev.v                     ; yes             ; User Verilog HDL File  ; /home/b2cs/tmp2/work/mul/usr_dev.v ;         ;
; ../top.v                         ; yes             ; User Verilog HDL File  ; /home/b2cs/tmp2/work/mul/top.v     ;         ;
; ../io_dev.v                      ; yes             ; User Verilog HDL File  ; /home/b2cs/tmp2/work/mul/io_dev.v  ;         ;
+----------------------------------+-----------------+------------------------+------------------------------------+---------+


+------------------------------------------------------------+
; Analysis & Synthesis Resource Usage Summary                ;
+---------------------------------------------+--------------+
; Resource                                    ; Usage        ;
+---------------------------------------------+--------------+
; Estimated Total logic elements              ; 138          ;
;                                             ;              ;
; Total combinational functions               ; 137          ;
; Logic element usage by number of LUT inputs ;              ;
;     -- 4 input functions                    ; 59           ;
;     -- 3 input functions                    ; 30           ;
;     -- <=2 input functions                  ; 48           ;
;                                             ;              ;
; Logic elements by mode                      ;              ;
;     -- normal mode                          ; 101          ;
;     -- arithmetic mode                      ; 36           ;
;                                             ;              ;
; Total registers                             ; 89           ;
;     -- Dedicated logic registers            ; 89           ;
;     -- I/O registers                        ; 0            ;
;                                             ;              ;
; I/O pins                                    ; 80           ;
;                                             ;              ;
; Embedded Multiplier 9-bit elements          ; 0            ;
;                                             ;              ;
; Maximum fan-out node                        ; rx_rst~input ;
; Maximum fan-out                             ; 90           ;
; Total fan-out                               ; 839          ;
; Average fan-out                             ; 2.17         ;
+---------------------------------------------+--------------+


+---------------------------------------------------------------------------------------------------------------------------------------------------------------------------------------------------------------------------+
; Analysis & Synthesis Resource Utilization by Entity                                                                                                                                                                       ;
+----------------------------+---------------------+---------------------------+-------------+--------------+---------+-----------+------+--------------+-------------------------------------+--------------+--------------+
; Compilation Hierarchy Node ; Combinational ALUTs ; Dedicated Logic Registers ; Memory Bits ; DSP Elements ; DSP 9x9 ; DSP 18x18 ; Pins ; Virtual Pins ; Full Hierarchy Name                 ; Entity Name  ; Library Name ;
+----------------------------+---------------------+---------------------------+-------------+--------------+---------+-----------+------+--------------+-------------------------------------+--------------+--------------+
; |top                       ; 137 (2)             ; 89 (0)                    ; 0           ; 0            ; 0       ; 0         ; 80   ; 0            ; |top                                ; top          ; work         ;
;    |io_psw:io_psw|         ; 56 (0)              ; 29 (0)                    ; 0           ; 0            ; 0       ; 0         ; 0    ; 0            ; |top|io_psw:io_psw                  ; io_psw       ; work         ;
;       |psw_detecter:pd|    ; 27 (27)             ; 12 (12)                   ; 0           ; 0            ; 0       ; 0         ; 0    ; 0            ; |top|io_psw:io_psw|psw_detecter:pd  ; psw_detecter ; work         ;
;       |psw_pulse:pp|       ; 29 (29)             ; 17 (17)                   ; 0           ; 0            ; 0       ; 0         ; 0    ; 0            ; |top|io_psw:io_psw|psw_pulse:pp     ; psw_pulse    ; work         ;
;    |io_seg:io_seg|         ; 58 (0)              ; 40 (0)                    ; 0           ; 0            ; 0       ; 0         ; 0    ; 0            ; |top|io_seg:io_seg                  ; io_seg       ; work         ;
;       |seg_decoder:sda|    ; 7 (7)               ; 7 (7)                     ; 0           ; 0            ; 0       ; 0         ; 0    ; 0            ; |top|io_seg:io_seg|seg_decoder:sda  ; seg_decoder  ; work         ;
;       |seg_decoder:sdb|    ; 7 (7)               ; 7 (7)                     ; 0           ; 0            ; 0       ; 0         ; 0    ; 0            ; |top|io_seg:io_seg|seg_decoder:sdb  ; seg_decoder  ; work         ;
;       |seg_register:sra|   ; 10 (10)             ; 4 (4)                     ; 0           ; 0            ; 0       ; 0         ; 0    ; 0            ; |top|io_seg:io_seg|seg_register:sra ; seg_register ; work         ;
;       |seg_register:srb|   ; 9 (9)               ; 4 (4)                     ; 0           ; 0            ; 0       ; 0         ; 0    ; 0            ; |top|io_seg:io_seg|seg_register:srb ; seg_register ; work         ;
;       |seg_selecter:ss|    ; 25 (25)             ; 18 (18)                   ; 0           ; 0            ; 0       ; 0         ; 0    ; 0            ; |top|io_seg:io_seg|seg_selecter:ss  ; seg_selecter ; work         ;
;    |mul:mul|               ; 21 (21)             ; 20 (20)                   ; 0           ; 0            ; 0       ; 0         ; 0    ; 0            ; |top|mul:mul                        ; mul          ; work         ;
+----------------------------+---------------------+---------------------------+-------------+--------------+---------+-----------+------+--------------+-------------------------------------+--------------+--------------+
Note: For table entries with two numbers listed, the numbers in parentheses indicate the number of resources of the given type used by the specific entity alone. The numbers listed outside of parentheses indicate the total resources of the given type used by the specific entity and all of its sub-entities in the hierarchy.


+------------------------------------------------------------------------------------------------------+
; Registers Removed During Synthesis                                                                   ;
+--------------------------------------------------------+---------------------------------------------+
; Register name                                          ; Reason for Removal                          ;
+--------------------------------------------------------+---------------------------------------------+
; io_seg:io_seg|seg_decoder:sdb|seg[0]                   ; Stuck at GND due to stuck port data_in      ;
; io_seg:io_seg|seg_decoder:sda|seg[0]                   ; Stuck at GND due to stuck port data_in      ;
; io_bz:io_bz|bz_pitch:bp|cref[0..15]                    ; Stuck at VCC due to stuck port data_in      ;
; io_bz:io_bz|bz_time:bt|cref[0..5,7,8,10..13,15,20..23] ; Stuck at GND due to stuck port data_in      ;
; io_bz:io_bz|bz_time:bt|dly[0,1]                        ; Stuck at GND due to stuck port data_in      ;
; io_bz:io_bz|bz_time:bt|cref[6,9,16..19]                ; Merged with io_bz:io_bz|bz_time:bt|cref[14] ;
; io_bz:io_bz|bz_pitch:bp|cnt[0..15]                     ; Stuck at GND due to stuck port data_in      ;
; io_bz:io_bz|bz_pitch:bp|pitch                          ; Stuck at GND due to stuck port data_in      ;
; io_bz:io_bz|bz_time:bt|cref[14]                        ; Lost fanout                                 ;
; io_bz:io_bz|bz_time:bt|cnt[0..23]                      ; Lost fanout                                 ;
; Total Number of Removed Registers = 85                 ;                                             ;
+--------------------------------------------------------+---------------------------------------------+


+----------------------------------------------------------------------------------------------------------------------------------+
; Removed Registers Triggering Further Register Optimizations                                                                      ;
+----------------------------------+---------------------------+-------------------------------------------------------------------+
; Register name                    ; Reason for Removal        ; Registers Removed due to This Register                            ;
+----------------------------------+---------------------------+-------------------------------------------------------------------+
; io_bz:io_bz|bz_pitch:bp|cref[15] ; Stuck at VCC              ; io_bz:io_bz|bz_pitch:bp|cnt[15], io_bz:io_bz|bz_pitch:bp|cnt[14], ;
;                                  ; due to stuck port data_in ; io_bz:io_bz|bz_pitch:bp|cnt[13], io_bz:io_bz|bz_pitch:bp|cnt[12], ;
;                                  ;                           ; io_bz:io_bz|bz_pitch:bp|cnt[11], io_bz:io_bz|bz_pitch:bp|cnt[10], ;
;                                  ;                           ; io_bz:io_bz|bz_pitch:bp|cnt[9], io_bz:io_bz|bz_pitch:bp|cnt[8],   ;
;                                  ;                           ; io_bz:io_bz|bz_pitch:bp|cnt[7], io_bz:io_bz|bz_pitch:bp|cnt[6],   ;
;                                  ;                           ; io_bz:io_bz|bz_pitch:bp|cnt[5], io_bz:io_bz|bz_pitch:bp|cnt[4],   ;
;                                  ;                           ; io_bz:io_bz|bz_pitch:bp|cnt[3], io_bz:io_bz|bz_pitch:bp|cnt[2],   ;
;                                  ;                           ; io_bz:io_bz|bz_pitch:bp|cnt[1], io_bz:io_bz|bz_pitch:bp|cnt[0],   ;
;                                  ;                           ; io_bz:io_bz|bz_pitch:bp|pitch, io_bz:io_bz|bz_time:bt|cnt[0],     ;
;                                  ;                           ; io_bz:io_bz|bz_time:bt|cnt[23], io_bz:io_bz|bz_time:bt|cnt[22],   ;
;                                  ;                           ; io_bz:io_bz|bz_time:bt|cnt[21], io_bz:io_bz|bz_time:bt|cnt[20],   ;
;                                  ;                           ; io_bz:io_bz|bz_time:bt|cnt[19], io_bz:io_bz|bz_time:bt|cnt[18]    ;
; io_bz:io_bz|bz_time:bt|dly[0]    ; Stuck at GND              ; io_bz:io_bz|bz_time:bt|dly[1]                                     ;
;                                  ; due to stuck port data_in ;                                                                   ;
+----------------------------------+---------------------------+-------------------------------------------------------------------+


+------------------------------------------------------+
; General Register Statistics                          ;
+----------------------------------------------+-------+
; Statistic                                    ; Value ;
+----------------------------------------------+-------+
; Total registers                              ; 89    ;
; Number of registers using Synchronous Clear  ; 8     ;
; Number of registers using Synchronous Load   ; 14    ;
; Number of registers using Asynchronous Clear ; 89    ;
; Number of registers using Asynchronous Load  ; 0     ;
; Number of registers using Clock Enable       ; 13    ;
; Number of registers using Preset             ; 0     ;
+----------------------------------------------+-------+


+---------------------------------------------------+
; Inverted Register Statistics                      ;
+-----------------------------------------+---------+
; Inverted Register                       ; Fan out ;
+-----------------------------------------+---------+
; io_seg:io_seg|seg_selecter:ss|cnt[0]    ; 2       ;
; io_psw:io_psw|psw_detecter:pd|psw_fn[3] ; 24      ;
; io_psw:io_psw|psw_detecter:pd|dly[1]    ; 6       ;
; io_psw:io_psw|psw_detecter:pd|dly[0]    ; 7       ;
; Total number of inverted registers = 4  ;         ;
+-----------------------------------------+---------+


+------------------------------------------------------------------------------------------------------------------------------------------------------------+
; Multiplexer Restructuring Statistics (Restructuring Performed)                                                                                             ;
+--------------------+-----------+---------------+----------------------+------------------------+------------+----------------------------------------------+
; Multiplexer Inputs ; Bus Width ; Baseline Area ; Area if Restructured ; Saving if Restructured ; Registered ; Example Multiplexer Output                   ;
+--------------------+-----------+---------------+----------------------+------------------------+------------+----------------------------------------------+
; 3:1                ; 4 bits    ; 8 LEs         ; 4 LEs                ; 4 LEs                  ; Yes        ; |top|io_seg:io_seg|seg_selecter:ss|sel[0]    ;
; 3:1                ; 8 bits    ; 16 LEs        ; 8 LEs                ; 8 LEs                  ; Yes        ; |top|mul:mul|ry[2]                           ;
; 4:1                ; 4 bits    ; 8 LEs         ; 8 LEs                ; 0 LEs                  ; Yes        ; |top|io_seg:io_seg|seg_register:srb|dout[0]  ;
; 4:1                ; 4 bits    ; 8 LEs         ; 8 LEs                ; 0 LEs                  ; Yes        ; |top|io_seg:io_seg|seg_register:sra|dout[0]  ;
; 4:1                ; 3 bits    ; 6 LEs         ; 3 LEs                ; 3 LEs                  ; Yes        ; |top|io_psw:io_psw|psw_detecter:pd|psw_id[4] ;
; 5:1                ; 3 bits    ; 9 LEs         ; 6 LEs                ; 3 LEs                  ; Yes        ; |top|io_psw:io_psw|psw_detecter:pd|cnt[2]    ;
+--------------------+-----------+---------------+----------------------+------------------------+------------+----------------------------------------------+


+---------------------------------------------+
; Port Connectivity Checks: "io_seg:io_seg"   ;
+-----------+-------+----------+--------------+
; Port      ; Type  ; Severity ; Details      ;
+-----------+-------+----------+--------------+
; d[15..12] ; Input ; Info     ; Stuck at GND ;
+-----------+-------+----------+--------------+


+---------------------------------------------------------------------------------------------------------------------+
; Port Connectivity Checks: "io_psw:io_psw"                                                                           ;
+-----------+--------+----------+-------------------------------------------------------------------------------------+
; Port      ; Type   ; Severity ; Details                                                                             ;
+-----------+--------+----------+-------------------------------------------------------------------------------------+
; psw_val   ; Output ; Info     ; Connected to dangling logic. Logic that only feeds a dangling port will be removed. ;
; psw_fn[2] ; Output ; Info     ; Connected to dangling logic. Logic that only feeds a dangling port will be removed. ;
+-----------+--------+----------+-------------------------------------------------------------------------------------+


+-----------------------------------------------------+
; Post-Synthesis Netlist Statistics for Top Partition ;
+-----------------------+-----------------------------+
; Type                  ; Count                       ;
+-----------------------+-----------------------------+
; boundary_port         ; 80                          ;
; cycloneiii_ff         ; 89                          ;
;     CLR               ; 62                          ;
;     CLR SLD           ; 14                          ;
;     ENA CLR           ; 5                           ;
;     ENA CLR SCLR      ; 8                           ;
; cycloneiii_lcell_comb ; 139                         ;
;     arith             ; 36                          ;
;         1 data inputs ; 1                           ;
;         2 data inputs ; 28                          ;
;         3 data inputs ; 7                           ;
;     normal            ; 103                         ;
;         0 data inputs ; 1                           ;
;         1 data inputs ; 4                           ;
;         2 data inputs ; 16                          ;
;         3 data inputs ; 23                          ;
;         4 data inputs ; 59                          ;
;                       ;                             ;
; Max LUT depth         ; 4.00                        ;
; Average LUT depth     ; 2.22                        ;
+-----------------------+-----------------------------+


+-------------------------------+
; Elapsed Time Per Partition    ;
+----------------+--------------+
; Partition Name ; Elapsed Time ;
+----------------+--------------+
; Top            ; 00:00:01     ;
+----------------+--------------+


+-------------------------------+
; Analysis & Synthesis Messages ;
+-------------------------------+
Info: *******************************************************************
Info: Running Quartus Prime Analysis & Synthesis
    Info: Version 21.1.1 Build 850 06/23/2022 SJ Lite Edition
    Info: Processing started: Mon Sep 23 15:57:51 2024
Info: Command: quartus_map --read_settings_files=on --write_settings_files=off top -c top
Warning (18236): Number of processors has not been specified which may cause overloading on shared machines.  Set the global assignment NUM_PARALLEL_PROCESSORS in your QSF to an appropriate value for best performance.
Info (20030): Parallel compilation is enabled and will use 2 of the 2 processors detected
Info (12021): Found 1 design units, including 1 entities, in source file /home/b2cs/tmp2/work/mul/usr_dev.v
    Info (12023): Found entity 1: mul File: /home/b2cs/tmp2/work/mul/usr_dev.v Line: 1
Info (12021): Found 1 design units, including 1 entities, in source file /home/b2cs/tmp2/work/mul/top.v
    Info (12023): Found entity 1: top File: /home/b2cs/tmp2/work/mul/top.v Line: 3
Info (12021): Found 13 design units, including 13 entities, in source file /home/b2cs/tmp2/work/mul/io_dev.v
    Info (12023): Found entity 1: io_psw File: /home/b2cs/tmp2/work/mul/io_dev.v Line: 5
    Info (12023): Found entity 2: psw_pulse File: /home/b2cs/tmp2/work/mul/io_dev.v Line: 31
    Info (12023): Found entity 3: psw_detecter File: /home/b2cs/tmp2/work/mul/io_dev.v Line: 60
    Info (12023): Found entity 4: io_bz File: /home/b2cs/tmp2/work/mul/io_dev.v Line: 151
    Info (12023): Found entity 5: bz_time File: /home/b2cs/tmp2/work/mul/io_dev.v Line: 175
    Info (12023): Found entity 6: bz_pitch File: /home/b2cs/tmp2/work/mul/io_dev.v Line: 248
    Info (12023): Found entity 7: io_seg File: /home/b2cs/tmp2/work/mul/io_dev.v Line: 322
    Info (12023): Found entity 8: seg_selecter File: /home/b2cs/tmp2/work/mul/io_dev.v Line: 354
    Info (12023): Found entity 9: seg_register File: /home/b2cs/tmp2/work/mul/io_dev.v Line: 398
    Info (12023): Found entity 10: seg_decoder File: /home/b2cs/tmp2/work/mul/io_dev.v Line: 431
    Info (12023): Found entity 11: io_rtsw File: /home/b2cs/tmp2/work/mul/io_dev.v Line: 472
    Info (12023): Found entity 12: io_dipsw File: /home/b2cs/tmp2/work/mul/io_dev.v Line: 494
    Info (12023): Found entity 13: io_led File: /home/b2cs/tmp2/work/mul/io_dev.v Line: 516
Info (12127): Elaborating entity "top" for the top level hierarchy
Info (12128): Elaborating entity "io_psw" for hierarchy "io_psw:io_psw" File: /home/b2cs/tmp2/work/mul/top.v Line: 26
Info (12128): Elaborating entity "psw_pulse" for hierarchy "io_psw:io_psw|psw_pulse:pp" File: /home/b2cs/tmp2/work/mul/io_dev.v Line: 19
Info (12128): Elaborating entity "psw_detecter" for hierarchy "io_psw:io_psw|psw_detecter:pd" File: /home/b2cs/tmp2/work/mul/io_dev.v Line: 22
Info (12128): Elaborating entity "io_bz" for hierarchy "io_bz:io_bz" File: /home/b2cs/tmp2/work/mul/top.v Line: 33
Info (12128): Elaborating entity "bz_time" for hierarchy "io_bz:io_bz|bz_time:bt" File: /home/b2cs/tmp2/work/mul/io_dev.v Line: 163
Info (12128): Elaborating entity "bz_pitch" for hierarchy "io_bz:io_bz|bz_pitch:bp" File: /home/b2cs/tmp2/work/mul/io_dev.v Line: 164
Info (12128): Elaborating entity "io_seg" for hierarchy "io_seg:io_seg" File: /home/b2cs/tmp2/work/mul/top.v Line: 38
Info (12128): Elaborating entity "seg_selecter" for hierarchy "io_seg:io_seg|seg_selecter:ss" File: /home/b2cs/tmp2/work/mul/io_dev.v Line: 337
Info (12128): Elaborating entity "seg_register" for hierarchy "io_seg:io_seg|seg_register:sra" File: /home/b2cs/tmp2/work/mul/io_dev.v Line: 339
Info (12128): Elaborating entity "seg_decoder" for hierarchy "io_seg:io_seg|seg_decoder:sda" File: /home/b2cs/tmp2/work/mul/io_dev.v Line: 342
Info (12128): Elaborating entity "mul" for hierarchy "mul:mul" File: /home/b2cs/tmp2/work/mul/top.v Line: 54
Info (13000): Registers with preset signals will power-up high File: /home/b2cs/tmp2/work/mul/io_dev.v Line: 140
Info (13003): DEV_CLRn pin will set, and not reset, register with preset signal due to NOT Gate Push-Back
Warning (13024): Output pins are stuck at VCC or GND
    Warning (13410): Pin "bz" is stuck at GND File: /home/b2cs/tmp2/work/mul/top.v Line: 14
    Warning (13410): Pin "led[0]" is stuck at GND File: /home/b2cs/tmp2/work/mul/top.v Line: 15
    Warning (13410): Pin "led[1]" is stuck at GND File: /home/b2cs/tmp2/work/mul/top.v Line: 15
    Warning (13410): Pin "led[2]" is stuck at GND File: /home/b2cs/tmp2/work/mul/top.v Line: 15
    Warning (13410): Pin "led[3]" is stuck at GND File: /home/b2cs/tmp2/work/mul/top.v Line: 15
    Warning (13410): Pin "led[4]" is stuck at GND File: /home/b2cs/tmp2/work/mul/top.v Line: 15
    Warning (13410): Pin "seg_a[0]" is stuck at GND File: /home/b2cs/tmp2/work/mul/top.v Line: 16
    Warning (13410): Pin "seg_b[0]" is stuck at GND File: /home/b2cs/tmp2/work/mul/top.v Line: 16
Info (286030): Timing-Driven Synthesis is running
Info (17049): 25 registers lost all their fanouts during netlist optimizations.
Info (16010): Generating hard_block partition "hard_block:auto_generated_inst"
    Info (16011): Adding 0 node(s), including 0 DDIO, 0 PLL, 0 transceiver and 0 LCELL
Warning (21074): Design contains 16 input pin(s) that do not drive logic
    Warning (15610): No output dependent on input pin "dipsw_a[0]" File: /home/b2cs/tmp2/work/mul/top.v Line: 13
    Warning (15610): No output dependent on input pin "dipsw_a[1]" File: /home/b2cs/tmp2/work/mul/top.v Line: 13
    Warning (15610): No output dependent on input pin "dipsw_a[2]" File: /home/b2cs/tmp2/work/mul/top.v Line: 13
    Warning (15610): No output dependent on input pin "dipsw_a[3]" File: /home/b2cs/tmp2/work/mul/top.v Line: 13
    Warning (15610): No output dependent on input pin "dipsw_a[4]" File: /home/b2cs/tmp2/work/mul/top.v Line: 13
    Warning (15610): No output dependent on input pin "dipsw_a[5]" File: /home/b2cs/tmp2/work/mul/top.v Line: 13
    Warning (15610): No output dependent on input pin "dipsw_a[6]" File: /home/b2cs/tmp2/work/mul/top.v Line: 13
    Warning (15610): No output dependent on input pin "dipsw_a[7]" File: /home/b2cs/tmp2/work/mul/top.v Line: 13
    Warning (15610): No output dependent on input pin "dipsw_b[0]" File: /home/b2cs/tmp2/work/mul/top.v Line: 13
    Warning (15610): No output dependent on input pin "dipsw_b[1]" File: /home/b2cs/tmp2/work/mul/top.v Line: 13
    Warning (15610): No output dependent on input pin "dipsw_b[2]" File: /home/b2cs/tmp2/work/mul/top.v Line: 13
    Warning (15610): No output dependent on input pin "dipsw_b[3]" File: /home/b2cs/tmp2/work/mul/top.v Line: 13
    Warning (15610): No output dependent on input pin "dipsw_b[4]" File: /home/b2cs/tmp2/work/mul/top.v Line: 13
    Warning (15610): No output dependent on input pin "dipsw_b[5]" File: /home/b2cs/tmp2/work/mul/top.v Line: 13
    Warning (15610): No output dependent on input pin "dipsw_b[6]" File: /home/b2cs/tmp2/work/mul/top.v Line: 13
    Warning (15610): No output dependent on input pin "dipsw_b[7]" File: /home/b2cs/tmp2/work/mul/top.v Line: 13
Info (21057): Implemented 218 device resources after synthesis - the final resource count might be different
    Info (21058): Implemented 47 input pins
    Info (21059): Implemented 33 output pins
    Info (21061): Implemented 138 logic cells
Info: Quartus Prime Analysis & Synthesis was successful. 0 errors, 27 warnings
    Info: Peak virtual memory: 402 megabytes
    Info: Processing ended: Mon Sep 23 15:58:06 2024
    Info: Elapsed time: 00:00:15
    Info: Total CPU time (on all processors): 00:00:34


